id: 0
data: ["Hello, let's go!"]

id: 1
data: ["This is a test!"]

id: 2
data: ["Testing"]

id: 3
data: ["Okkkkkkkkkk"]

id: 4
data: ["8========D"]

id: 5
data: ["this "]

id: 6
data: ["as"]

id: 7
data: ["sa"]

id: 8
data: ["df"]

id: 9
data: ["asdf"]

id: 10
data: ["asd"]

id: 11
data: ["fas"]

id: 12
data: ["df"]

id: 13
data: ["asdf"]

id: 14
data: ["asdf"]

id: 15
data: ["asdf"]

id: 16
data: ["a"]

id: 17
data: ["sdf"]

id: 18
data: ["as"]

id: 19
data: ["df"]

id: 20
data: ["as"]

id: 21
data: ["df"]

id: 22
data: ["as"]

id: 23
data: ["df"]

id: 24
data: ["asd"]

id: 25
data: ["f"]

id: 26
data: ["asd"]

id: 27
data: ["g"]

id: 28
data: ["ery"]

id: 29
data: ["e"]

id: 30
data: ["r"]

id: 31
data: ["ert"]

id: 32
data: ["e"]

id: 33
data: ["rt"]

id: 34
data: ["ert"]

id: 35
data: ["wert"]

id: 36
data: ["wer"]

id: 37
data: ["t"]

id: 38
data: ["ewrt"]

id: 39
data: ["ewrt"]

id: 40
data: ["ewrt"]

id: 41
data: ["we"]

id: 42
data: ["rt"]

id: 43
data: ["wert"]

id: 44
data: ["we"]

id: 45
data: ["twer"]

id: 46
data: ["t"]

id: 47
data: ["ewrt"]

id: 48
data: ["wert"]

id: 49
data: ["wert"]

id: 50
data: ["erw"]

id: 51
data: ["twe"]

id: 52
data: ["rt"]

id: 53
data: ["wert"]

id: 54
data: ["ewrt"]

